生成启动时间为 2020/12/7 14:28:55。
     1>项目“C:\Users\18332\documents\visual studio 2013\Projects\mem操作函数模拟\mem操作函数模拟\mem操作函数模拟.vcxproj”在节点 2 上(Build 个目标)。
     1>ClCompile:
         C:\Program Files (x86)\Microsoft Visual Studio 12.0\VC\bin\CL.exe /c /ZI /nologo /W3 /WX- /sdl /Od /Oy- /D _UNICODE /D UNICODE /Gm /EHsc /RTC1 /MDd /GS /fp:precise /Zc:wchar_t /Zc:forScope /Fo"Debug\\" /Fd"Debug\vc120.pdb" /Gd /TC /analyze- /errorReport:prompt test.c
         test.c
     1>c:\users\18332\documents\visual studio 2013\projects\mem操作函数模拟\mem操作函数模拟\test.c(6): warning C4273: “memmove”: dll 链接不一致
                 c:\program files (x86)\microsoft visual studio 12.0\vc\include\string.h(139) : 参见“memmove”的前一个定义
     1>c:\users\18332\documents\visual studio 2013\projects\mem操作函数模拟\mem操作函数模拟\test.c(30): warning C4013: “assert”未定义；假设外部返回 int
       Link:
         C:\Program Files (x86)\Microsoft Visual Studio 12.0\VC\bin\link.exe /ERRORREPORT:PROMPT /OUT:"C:\Users\18332\documents\visual studio 2013\Projects\mem操作函数模拟\Debug\mem操作函数模拟.exe" /INCREMENTAL /NOLOGO kernel32.lib user32.lib gdi32.lib winspool.lib comdlg32.lib advapi32.lib shell32.lib ole32.lib oleaut32.lib uuid.lib odbc32.lib odbccp32.lib /MANIFEST /MANIFESTUAC:"level='asInvoker' uiAccess='false'" /manifest:embed /DEBUG /PDB:"C:\Users\18332\documents\visual studio 2013\Projects\mem操作函数模拟\Debug\mem操作函数模拟.pdb" /TLBID:1 /DYNAMICBASE /NXCOMPAT /IMPLIB:"C:\Users\18332\documents\visual studio 2013\Projects\mem操作函数模拟\Debug\mem操作函数模拟.lib" /MACHINE:X86 Debug\test.obj
            正在创建库 C:\Users\18332\documents\visual studio 2013\Projects\mem操作函数模拟\Debug\mem操作函数模拟.lib 和对象 C:\Users\18332\documents\visual studio 2013\Projects\mem操作函数模拟\Debug\mem操作函数模拟.exp
     1>LINK : warning LNK4232: 名称 mem操作函数模拟.exe 包含非 ASCII 字符，在具有除 936 以外的 ANSI 代码页的系统上可能不能加载 DLL
     1>test.obj : error LNK2019: 无法解析的外部符号 _assert，该符号在函数 _memcpy 中被引用
     1>C:\Users\18332\documents\visual studio 2013\Projects\mem操作函数模拟\Debug\mem操作函数模拟.exe : fatal error LNK1120: 1 个无法解析的外部命令
     1>已完成生成项目“C:\Users\18332\documents\visual studio 2013\Projects\mem操作函数模拟\mem操作函数模拟\mem操作函数模拟.vcxproj”(Build 个目标)的操作 - 失败。

生成失败。

已用时间 00:00:09.49
